<?xml version="1.0" encoding="UTF-8"?>
<coverage generated="1587634016236" clover="3.2.0">
  <project timestamp="1587634016236" name="All files">
    <metrics statements="42" coveredstatements="41" conditionals="23" coveredconditionals="21" methods="20" coveredmethods="19" elements="85" coveredelements="81" complexity="0" loc="42" ncloc="42" packages="2" files="4" classes="4"/>
    <package name="store">
      <metrics statements="31" coveredstatements="30" conditionals="21" coveredconditionals="19" methods="16" coveredmethods="15"/>
      <file name="configureStore.js" path="/Users/sheenangoh/Projects/native-card-flip-game/src/store/configureStore.js">
        <metrics statements="1" coveredstatements="1" conditionals="0" coveredconditionals="0" methods="1" coveredmethods="1"/>
        <line num="5" count="9" type="stmt"/>
      </file>
      <file name="game.js" path="/Users/sheenangoh/Projects/native-card-flip-game/src/store/game.js">
        <metrics statements="30" coveredstatements="29" conditionals="21" coveredconditionals="19" methods="15" coveredmethods="14"/>
        <line num="5" count="1" type="stmt"/>
        <line num="7" count="1" type="stmt"/>
        <line num="18" count="9" type="stmt"/>
        <line num="19" count="9" type="stmt"/>
        <line num="20" count="9" type="stmt"/>
        <line num="21" count="9" type="stmt"/>
        <line num="24" count="72" type="cond" truecount="2" falsecount="0"/>
        <line num="25" count="6" type="stmt"/>
        <line num="26" count="6" type="stmt"/>
        <line num="29" count="12" type="cond" truecount="2" falsecount="0"/>
        <line num="30" count="1" type="stmt"/>
        <line num="31" count="1" type="stmt"/>
        <line num="32" count="2" type="cond" truecount="1" falsecount="1"/>
        <line num="35" count="2" type="stmt"/>
        <line num="36" count="2" type="stmt"/>
        <line num="37" count="24" type="stmt"/>
        <line num="40" count="0" type="stmt"/>
        <line num="45" count="1" type="stmt"/>
        <line num="48" count="10" type="stmt"/>
        <line num="49" count="10" type="stmt"/>
        <line num="50" count="76" type="stmt"/>
        <line num="52" count="10" type="cond" truecount="4" falsecount="0"/>
        <line num="53" count="9" type="cond" truecount="2" falsecount="0"/>
        <line num="54" count="3" type="cond" truecount="4" falsecount="0"/>
        <line num="55" count="2" type="stmt"/>
        <line num="58" count="9" type="stmt"/>
        <line num="59" count="9" type="cond" truecount="1" falsecount="1"/>
        <line num="61" count="9" type="stmt"/>
        <line num="62" count="9" type="stmt"/>
        <line num="65" count="9" type="cond" truecount="3" falsecount="0"/>
      </file>
      <file name="reducer.js" path="/Users/sheenangoh/Projects/native-card-flip-game/src/store/reducer.js">
        <metrics statements="0" coveredstatements="0" conditionals="0" coveredconditionals="0" methods="0" coveredmethods="0"/>
      </file>
    </package>
    <package name="utils">
      <metrics statements="11" coveredstatements="11" conditionals="2" coveredconditionals="2" methods="4" coveredmethods="4"/>
      <file name="generateData.js" path="/Users/sheenangoh/Projects/native-card-flip-game/src/utils/generateData.js">
        <metrics statements="11" coveredstatements="11" conditionals="2" coveredconditionals="2" methods="4" coveredmethods="4"/>
        <line num="1" count="1" type="stmt"/>
        <line num="2" count="9" type="stmt"/>
        <line num="3" count="9" type="stmt"/>
        <line num="4" count="57" type="stmt"/>
        <line num="5" count="57" type="cond" truecount="2" falsecount="0"/>
        <line num="7" count="9" type="stmt"/>
        <line num="10" count="1" type="stmt"/>
        <line num="11" count="9" type="stmt"/>
        <line num="12" count="9" type="stmt"/>
        <line num="13" count="256" type="stmt"/>
        <line num="14" count="108" type="stmt"/>
      </file>
    </package>
  </project>
</coverage>
