{"/Users/sheenangoh/Projects/native-card-flip-game/src/store/configureStore.js": {"path":"/Users/sheenangoh/Projects/native-card-flip-game/src/store/configureStore.js","statementMap":{"0":{"start":{"line":5,"column":2},"end":{"line":8,"column":5}}},"fnMap":{"0":{"name":"(anonymous_0)","decl":{"start":{"line":4,"column":15},"end":{"line":4,"column":16}},"loc":{"start":{"line":4,"column":27},"end":{"line":9,"column":1}},"line":4}},"branchMap":{},"s":{"0":9},"f":{"0":9},"b":{},"_coverageSchema":"1a1c01bbd47fc00a2c39e90264f33305004495a9","hash":"ea24b23bdf8ed5646ff35cfe54d438450450edaa"}
,"/Users/sheenangoh/Projects/native-card-flip-game/src/store/game.js": {"path":"/Users/sheenangoh/Projects/native-card-flip-game/src/store/game.js","statementMap":{"0":{"start":{"line":5,"column":22},"end":{"line":5,"column":28}},"1":{"start":{"line":7,"column":14},"end":{"line":43,"column":2}},"2":{"start":{"line":18,"column":6},"end":{"line":18,"column":25}},"3":{"start":{"line":19,"column":6},"end":{"line":19,"column":26}},"4":{"start":{"line":20,"column":6},"end":{"line":20,"column":33}},"5":{"start":{"line":21,"column":6},"end":{"line":21,"column":23}},"6":{"start":{"line":24,"column":6},"end":{"line":24,"column":109}},"7":{"start":{"line":24,"column":43},"end":{"line":24,"column":106}},"8":{"start":{"line":25,"column":6},"end":{"line":25,"column":23}},"9":{"start":{"line":26,"column":6},"end":{"line":26,"column":24}},"10":{"start":{"line":29,"column":6},"end":{"line":29,"column":152}},"11":{"start":{"line":29,"column":43},"end":{"line":29,"column":149}},"12":{"start":{"line":30,"column":6},"end":{"line":30,"column":24}},"13":{"start":{"line":31,"column":6},"end":{"line":31,"column":25}},"14":{"start":{"line":32,"column":6},"end":{"line":32,"column":67}},"15":{"start":{"line":32,"column":36},"end":{"line":32,"column":48}},"16":{"start":{"line":32,"column":51},"end":{"line":32,"column":67}},"17":{"start":{"line":35,"column":6},"end":{"line":35,"column":25}},"18":{"start":{"line":36,"column":6},"end":{"line":36,"column":24}},"19":{"start":{"line":37,"column":6},"end":{"line":37,"column":74}},"20":{"start":{"line":37,"column":43},"end":{"line":37,"column":71}},"21":{"start":{"line":40,"column":6},"end":{"line":40,"column":24}},"22":{"start":{"line":45,"column":77},"end":{"line":45,"column":90}},"23":{"start":{"line":48,"column":26},"end":{"line":56,"column":1}},"24":{"start":{"line":48,"column":36},"end":{"line":56,"column":1}},"25":{"start":{"line":49,"column":30},"end":{"line":49,"column":45}},"26":{"start":{"line":50,"column":26},"end":{"line":50,"column":60}},"27":{"start":{"line":50,"column":46},"end":{"line":50,"column":59}},"28":{"start":{"line":52,"column":2},"end":{"line":52,"column":64}},"29":{"start":{"line":52,"column":57},"end":{"line":52,"column":64}},"30":{"start":{"line":53,"column":2},"end":{"line":53,"column":62}},"31":{"start":{"line":53,"column":23},"end":{"line":53,"column":62}},"32":{"start":{"line":54,"column":2},"end":{"line":54,"column":104}},"33":{"start":{"line":54,"column":63},"end":{"line":54,"column":104}},"34":{"start":{"line":55,"column":2},"end":{"line":55,"column":36}},"35":{"start":{"line":58,"column":25},"end":{"line":63,"column":1}},"36":{"start":{"line":58,"column":31},"end":{"line":63,"column":1}},"37":{"start":{"line":59,"column":2},"end":{"line":59,"column":52}},"38":{"start":{"line":59,"column":24},"end":{"line":59,"column":52}},"39":{"start":{"line":61,"column":15},"end":{"line":61,"column":52}},"40":{"start":{"line":62,"column":2},"end":{"line":62,"column":37}},"41":{"start":{"line":65,"column":22},"end":{"line":65,"column":93}},"42":{"start":{"line":65,"column":28},"end":{"line":65,"column":93}}},"fnMap":{"0":{"name":"(anonymous_0)","decl":{"start":{"line":17,"column":17},"end":{"line":17,"column":18}},"loc":{"start":{"line":17,"column":35},"end":{"line":22,"column":5}},"line":17},"1":{"name":"(anonymous_1)","decl":{"start":{"line":23,"column":18},"end":{"line":23,"column":19}},"loc":{"start":{"line":23,"column":36},"end":{"line":27,"column":5}},"line":23},"2":{"name":"(anonymous_2)","decl":{"start":{"line":24,"column":32},"end":{"line":24,"column":33}},"loc":{"start":{"line":24,"column":43},"end":{"line":24,"column":106}},"line":24},"3":{"name":"(anonymous_3)","decl":{"start":{"line":28,"column":17},"end":{"line":28,"column":18}},"loc":{"start":{"line":28,"column":35},"end":{"line":33,"column":5}},"line":28},"4":{"name":"(anonymous_4)","decl":{"start":{"line":29,"column":32},"end":{"line":29,"column":33}},"loc":{"start":{"line":29,"column":43},"end":{"line":29,"column":149}},"line":29},"5":{"name":"(anonymous_5)","decl":{"start":{"line":32,"column":26},"end":{"line":32,"column":27}},"loc":{"start":{"line":32,"column":36},"end":{"line":32,"column":48}},"line":32},"6":{"name":"(anonymous_6)","decl":{"start":{"line":34,"column":20},"end":{"line":34,"column":21}},"loc":{"start":{"line":34,"column":30},"end":{"line":38,"column":5}},"line":34},"7":{"name":"(anonymous_7)","decl":{"start":{"line":37,"column":32},"end":{"line":37,"column":33}},"loc":{"start":{"line":37,"column":43},"end":{"line":37,"column":71}},"line":37},"8":{"name":"(anonymous_8)","decl":{"start":{"line":39,"column":14},"end":{"line":39,"column":15}},"loc":{"start":{"line":39,"column":24},"end":{"line":41,"column":5}},"line":39},"9":{"name":"(anonymous_9)","decl":{"start":{"line":48,"column":26},"end":{"line":48,"column":27}},"loc":{"start":{"line":48,"column":36},"end":{"line":56,"column":1}},"line":48},"10":{"name":"(anonymous_10)","decl":{"start":{"line":48,"column":36},"end":{"line":48,"column":37}},"loc":{"start":{"line":48,"column":60},"end":{"line":56,"column":1}},"line":48},"11":{"name":"(anonymous_11)","decl":{"start":{"line":50,"column":36},"end":{"line":50,"column":37}},"loc":{"start":{"line":50,"column":46},"end":{"line":50,"column":59}},"line":50},"12":{"name":"(anonymous_12)","decl":{"start":{"line":58,"column":25},"end":{"line":58,"column":26}},"loc":{"start":{"line":58,"column":31},"end":{"line":63,"column":1}},"line":58},"13":{"name":"(anonymous_13)","decl":{"start":{"line":58,"column":31},"end":{"line":58,"column":32}},"loc":{"start":{"line":58,"column":45},"end":{"line":63,"column":1}},"line":58},"14":{"name":"(anonymous_14)","decl":{"start":{"line":65,"column":22},"end":{"line":65,"column":23}},"loc":{"start":{"line":65,"column":28},"end":{"line":65,"column":93}},"line":65}},"branchMap":{"0":{"loc":{"start":{"line":24,"column":43},"end":{"line":24,"column":106}},"type":"cond-expr","locations":[{"start":{"line":24,"column":72},"end":{"line":24,"column":99}},{"start":{"line":24,"column":102},"end":{"line":24,"column":106}}],"line":24},"1":{"loc":{"start":{"line":29,"column":43},"end":{"line":29,"column":149}},"type":"cond-expr","locations":[{"start":{"line":29,"column":75},"end":{"line":29,"column":118}},{"start":{"line":29,"column":121},"end":{"line":29,"column":149}}],"line":29},"2":{"loc":{"start":{"line":32,"column":6},"end":{"line":32,"column":67}},"type":"if","locations":[{"start":{"line":32,"column":6},"end":{"line":32,"column":67}},{"start":{"line":32,"column":6},"end":{"line":32,"column":67}}],"line":32},"3":{"loc":{"start":{"line":52,"column":2},"end":{"line":52,"column":64}},"type":"if","locations":[{"start":{"line":52,"column":2},"end":{"line":52,"column":64}},{"start":{"line":52,"column":2},"end":{"line":52,"column":64}}],"line":52},"4":{"loc":{"start":{"line":52,"column":6},"end":{"line":52,"column":55}},"type":"binary-expr","locations":[{"start":{"line":52,"column":6},"end":{"line":52,"column":21}},{"start":{"line":52,"column":25},"end":{"line":52,"column":55}}],"line":52},"5":{"loc":{"start":{"line":53,"column":2},"end":{"line":53,"column":62}},"type":"if","locations":[{"start":{"line":53,"column":2},"end":{"line":53,"column":62}},{"start":{"line":53,"column":2},"end":{"line":53,"column":62}}],"line":53},"6":{"loc":{"start":{"line":54,"column":2},"end":{"line":54,"column":104}},"type":"if","locations":[{"start":{"line":54,"column":2},"end":{"line":54,"column":104}},{"start":{"line":54,"column":2},"end":{"line":54,"column":104}}],"line":54},"7":{"loc":{"start":{"line":54,"column":6},"end":{"line":54,"column":61}},"type":"binary-expr","locations":[{"start":{"line":54,"column":6},"end":{"line":54,"column":21}},{"start":{"line":54,"column":25},"end":{"line":54,"column":61}}],"line":54},"8":{"loc":{"start":{"line":59,"column":2},"end":{"line":59,"column":52}},"type":"if","locations":[{"start":{"line":59,"column":2},"end":{"line":59,"column":52}},{"start":{"line":59,"column":2},"end":{"line":59,"column":52}}],"line":59},"9":{"loc":{"start":{"line":65,"column":28},"end":{"line":65,"column":93}},"type":"binary-expr","locations":[{"start":{"line":65,"column":28},"end":{"line":65,"column":55}},{"start":{"line":65,"column":59},"end":{"line":65,"column":73}},{"start":{"line":65,"column":77},"end":{"line":65,"column":93}}],"line":65}},"s":{"0":1,"1":1,"2":9,"3":9,"4":9,"5":9,"6":6,"7":72,"8":6,"9":6,"10":1,"11":12,"12":1,"13":1,"14":1,"15":2,"16":0,"17":2,"18":2,"19":2,"20":24,"21":0,"22":1,"23":1,"24":10,"25":10,"26":10,"27":76,"28":10,"29":1,"30":9,"31":6,"32":3,"33":1,"34":2,"35":1,"36":9,"37":9,"38":0,"39":9,"40":9,"41":1,"42":9},"f":{"0":9,"1":6,"2":72,"3":1,"4":12,"5":2,"6":2,"7":24,"8":0,"9":10,"10":10,"11":76,"12":9,"13":9,"14":9},"b":{"0":[6,66],"1":[2,10],"2":[0,1],"3":[1,9],"4":[10,4],"5":[6,3],"6":[1,2],"7":[3,3],"8":[0,9],"9":[9,9,9]},"_coverageSchema":"1a1c01bbd47fc00a2c39e90264f33305004495a9","hash":"31f73a1f650d92a0bf729a443317073cd9228a25"}
,"/Users/sheenangoh/Projects/native-card-flip-game/src/store/reducer.js": {"path":"/Users/sheenangoh/Projects/native-card-flip-game/src/store/reducer.js","statementMap":{},"fnMap":{},"branchMap":{},"s":{},"f":{},"b":{},"_coverageSchema":"1a1c01bbd47fc00a2c39e90264f33305004495a9","hash":"e5c18acb10f72de7b19f352a323d74c1fc888b52"}
,"/Users/sheenangoh/Projects/native-card-flip-game/src/utils/generateData.js": {"path":"/Users/sheenangoh/Projects/native-card-flip-game/src/utils/generateData.js","statementMap":{"0":{"start":{"line":1,"column":26},"end":{"line":8,"column":1}},"1":{"start":{"line":2,"column":12},"end":{"line":2,"column":14}},"2":{"start":{"line":3,"column":2},"end":{"line":6,"column":3}},"3":{"start":{"line":4,"column":14},"end":{"line":4,"column":49}},"4":{"start":{"line":5,"column":4},"end":{"line":5,"column":43}},"5":{"start":{"line":5,"column":31},"end":{"line":5,"column":43}},"6":{"start":{"line":7,"column":2},"end":{"line":7,"column":13}},"7":{"start":{"line":10,"column":35},"end":{"line":15,"column":1}},"8":{"start":{"line":11,"column":25},"end":{"line":11,"column":45}},"9":{"start":{"line":12,"column":32},"end":{"line":12,"column":70}},"10":{"start":{"line":13,"column":2},"end":{"line":13,"column":58}},"11":{"start":{"line":13,"column":37},"end":{"line":13,"column":56}},"12":{"start":{"line":14,"column":2},"end":{"line":14,"column":84}},"13":{"start":{"line":14,"column":55},"end":{"line":14,"column":81}}},"fnMap":{"0":{"name":"(anonymous_0)","decl":{"start":{"line":1,"column":26},"end":{"line":1,"column":27}},"loc":{"start":{"line":1,"column":33},"end":{"line":8,"column":1}},"line":1},"1":{"name":"(anonymous_1)","decl":{"start":{"line":10,"column":35},"end":{"line":10,"column":36}},"loc":{"start":{"line":10,"column":42},"end":{"line":15,"column":1}},"line":10},"2":{"name":"(anonymous_2)","decl":{"start":{"line":13,"column":31},"end":{"line":13,"column":32}},"loc":{"start":{"line":13,"column":37},"end":{"line":13,"column":56}},"line":13},"3":{"name":"(anonymous_3)","decl":{"start":{"line":14,"column":37},"end":{"line":14,"column":38}},"loc":{"start":{"line":14,"column":55},"end":{"line":14,"column":81}},"line":14}},"branchMap":{"0":{"loc":{"start":{"line":5,"column":4},"end":{"line":5,"column":43}},"type":"if","locations":[{"start":{"line":5,"column":4},"end":{"line":5,"column":43}},{"start":{"line":5,"column":4},"end":{"line":5,"column":43}}],"line":5}},"s":{"0":1,"1":9,"2":9,"3":57,"4":57,"5":54,"6":9,"7":1,"8":9,"9":9,"10":9,"11":256,"12":9,"13":108},"f":{"0":9,"1":9,"2":256,"3":108},"b":{"0":[54,3]},"_coverageSchema":"1a1c01bbd47fc00a2c39e90264f33305004495a9","hash":"a4ddec6b9405f06c4e7de71b42b1c4893ad7f0e3"}
}
