TN:
SF:src/store/configureStore.js
FN:4,(anonymous_0)
FNF:1
FNH:1
FNDA:9,(anonymous_0)
DA:5,9
LF:1
LH:1
BRF:0
BRH:0
end_of_record
TN:
SF:src/store/game.js
FN:17,(anonymous_0)
FN:23,(anonymous_1)
FN:24,(anonymous_2)
FN:28,(anonymous_3)
FN:29,(anonymous_4)
FN:32,(anonymous_5)
FN:34,(anonymous_6)
FN:37,(anonymous_7)
FN:39,(anonymous_8)
FN:48,(anonymous_9)
FN:48,(anonymous_10)
FN:50,(anonymous_11)
FN:58,(anonymous_12)
FN:58,(anonymous_13)
FN:65,(anonymous_14)
FNF:15
FNH:14
FNDA:9,(anonymous_0)
FNDA:6,(anonymous_1)
FNDA:72,(anonymous_2)
FNDA:1,(anonymous_3)
FNDA:12,(anonymous_4)
FNDA:2,(anonymous_5)
FNDA:2,(anonymous_6)
FNDA:24,(anonymous_7)
FNDA:0,(anonymous_8)
FNDA:10,(anonymous_9)
FNDA:10,(anonymous_10)
FNDA:76,(anonymous_11)
FNDA:9,(anonymous_12)
FNDA:9,(anonymous_13)
FNDA:9,(anonymous_14)
DA:5,1
DA:7,1
DA:18,9
DA:19,9
DA:20,9
DA:21,9
DA:24,72
DA:25,6
DA:26,6
DA:29,12
DA:30,1
DA:31,1
DA:32,2
DA:35,2
DA:36,2
DA:37,24
DA:40,0
DA:45,1
DA:48,10
DA:49,10
DA:50,76
DA:52,10
DA:53,9
DA:54,3
DA:55,2
DA:58,9
DA:59,9
DA:61,9
DA:62,9
DA:65,9
LF:30
LH:29
BRDA:24,0,0,6
BRDA:24,0,1,66
BRDA:29,1,0,2
BRDA:29,1,1,10
BRDA:32,2,0,0
BRDA:32,2,1,1
BRDA:52,3,0,1
BRDA:52,3,1,9
BRDA:52,4,0,10
BRDA:52,4,1,4
BRDA:53,5,0,6
BRDA:53,5,1,3
BRDA:54,6,0,1
BRDA:54,6,1,2
BRDA:54,7,0,3
BRDA:54,7,1,3
BRDA:59,8,0,0
BRDA:59,8,1,9
BRDA:65,9,0,9
BRDA:65,9,1,9
BRDA:65,9,2,9
BRF:21
BRH:19
end_of_record
TN:
SF:src/store/reducer.js
FNF:0
FNH:0
LF:0
LH:0
BRF:0
BRH:0
end_of_record
TN:
SF:src/utils/generateData.js
FN:1,(anonymous_0)
FN:10,(anonymous_1)
FN:13,(anonymous_2)
FN:14,(anonymous_3)
FNF:4
FNH:4
FNDA:9,(anonymous_0)
FNDA:9,(anonymous_1)
FNDA:256,(anonymous_2)
FNDA:108,(anonymous_3)
DA:1,1
DA:2,9
DA:3,9
DA:4,57
DA:5,57
DA:7,9
DA:10,1
DA:11,9
DA:12,9
DA:13,256
DA:14,108
LF:11
LH:11
BRDA:5,0,0,54
BRDA:5,0,1,3
BRF:2
BRH:2
end_of_record
